This is pdfTeX, Version 3.14159265-2.6-1.40.15 (TeX Live 2014/Debian) (preloaded format=pdflatex 2014.7.7)  16 JUL 2014 10:36
entering extended mode
 restricted \write18 enabled.
 %&-line parsing enabled.
**BMV700.tex
(./BMV700.tex
LaTeX2e <2014/05/01>
Babel <3.9k> and hyphenation patterns for 78 languages loaded.
! Undefined control sequence.
l.1 \section
            {Protocol Spezification}
The control sequence at the end of the top line
of your error message was never \def'ed. If you have
misspelled it (e.g., `\hobx'), type `I' and the correct
spelling (e.g., `I\hbox'). Otherwise just continue,
and I'll forget about whatever was undefined.


! LaTeX Error: Missing \begin{document}.

See the LaTeX manual or LaTeX Companion for explanation.
Type  H <return>  for immediate help.
 ...                                              
                                                  
l.1 \section{P
              rotocol Spezification}
You're in trouble here.  Try typing  <return>  to proceed.
If that doesn't work, type  X <return>  to quit.

Missing character: There is no P in font nullfont!
Missing character: There is no r in font nullfont!
Missing character: There is no o in font nullfont!
Missing character: There is no t in font nullfont!
Missing character: There is no o in font nullfont!
Missing character: There is no c in font nullfont!
Missing character: There is no o in font nullfont!
Missing character: There is no l in font nullfont!
Missing character: There is no S in font nullfont!
Missing character: There is no p in font nullfont!
Missing character: There is no e in font nullfont!
Missing character: There is no z in font nullfont!
Missing character: There is no i in font nullfont!
Missing character: There is no f in font nullfont!
Missing character: There is no i in font nullfont!
Missing character: There is no c in font nullfont!
Missing character: There is no a in font nullfont!
Missing character: There is no t in font nullfont!
Missing character: There is no i in font nullfont!
Missing character: There is no o in font nullfont!
Missing character: There is no n in font nullfont!

Overfull \hbox (20.0pt too wide) in paragraph at lines 1--2
[]
 []


! LaTeX Error: Missing \begin{document}.

See the LaTeX manual or LaTeX Companion for explanation.
Type  H <return>  for immediate help.
 ...                                              
                                                  
l.3 \textbf{BMV700}
                   
You're in trouble here.  Try typing  <return>  to proceed.
If that doesn't work, type  X <return>  to quit.


Overfull \hbox (65.04143pt too wide) in paragraph at lines 3--5
[]\OT1/cmr/bx/n/10 BMV700
 []


Overfull \hbox (293.99744pt too wide) in paragraph at lines 72--72
[]\OT1/cmtt/m/n/10 U8                       = ? 8 Bit vorzeichenlose Zahl ?[] 
 []


Overfull \hbox (288.74748pt too wide) in paragraph at lines 72--72
[]\OT1/cmtt/m/n/10 U16                      = ? 16 Bit vorzeichenlose Zahl[] 
 []


Overfull \hbox (267.74767pt too wide) in paragraph at lines 72--72
[]                            \OT1/cmtt/m/n/10 in Network Byte Order ?[] 
 []


Overfull \hbox (288.74748pt too wide) in paragraph at lines 72--72
[]\OT1/cmtt/m/n/10 U16                      = ? 32 Bit vorzeichenlose Zahl[] 
 []


Overfull \hbox (267.74767pt too wide) in paragraph at lines 72--72
[]                            \OT1/cmtt/m/n/10 in Network Byte Order ?[] 
 []


Overfull \hbox (288.74748pt too wide) in paragraph at lines 72--72
[]\OT1/cmtt/m/n/10 U64                      = ? 64 Bit vorzeichenlose Zahl[] 
 []


Overfull \hbox (267.74767pt too wide) in paragraph at lines 72--72
[]                            \OT1/cmtt/m/n/10 in Network Byte Order ?[] 
 []


Overfull \hbox (293.99744pt too wide) in paragraph at lines 72--72
[]\OT1/cmtt/m/n/10 U128                     = ? 128 Bit vorzeichenlose Zahl[] 
 []


Overfull \hbox (262.49771pt too wide) in paragraph at lines 72--72
[]                            \OT1/cmtt/m/n/10 in Network Byte Order?[] 
 []


Overfull \hbox (283.49753pt too wide) in paragraph at lines 72--72
[]\OT1/cmtt/m/n/10 Message                  = Init | InitACK | InitNACK |[] 
 []


Overfull \hbox (383.24666pt too wide) in paragraph at lines 72--72
[]                            \OT1/cmtt/m/n/10 QoSReservationRequest | QoSReser
vationReply |[] 
 []


Overfull \hbox (283.49753pt too wide) in paragraph at lines 72--72
[]                            \OT1/cmtt/m/n/10 QoSReservationAssignment ;[] 
 []


Overfull \hbox (325.49716pt too wide) in paragraph at lines 72--72
[]\OT1/cmtt/m/n/10 Init                     = "0x00", SeqNr, Length, [ String ]
 ;[] 
 []


Overfull \hbox (325.49716pt too wide) in paragraph at lines 72--72
[]\OT1/cmtt/m/n/10 InitACK                  = "0x01", SeqNr, Length, [ String ]
 ;[] 
 []


Overfull \hbox (325.49716pt too wide) in paragraph at lines 72--72
[]\OT1/cmtt/m/n/10 InitNACK                 = "0x02", SeqNr, Length, [ String ]
 ;[] 
 []


Overfull \hbox (377.9967pt too wide) in paragraph at lines 72--72
[]\OT1/cmtt/m/n/10 QoSReservationRequest    = "0x03", SeqNr, Length, Request, {
 Request } ;[] 
 []


Overfull \hbox (367.4968pt too wide) in paragraph at lines 72--72
[]\OT1/cmtt/m/n/10 QoSReservationReply      = "0x04", SeqNr, Length, Result, { 
Result } ;[] 
 []


Overfull \hbox (377.9967pt too wide) in paragraph at lines 72--72
[]\OT1/cmtt/m/n/10 QoSReservationAssignment = "0x05", SeqNr, Length, Request, {
 Request } ;[] 
 []


Overfull \hbox (304.49734pt too wide) in paragraph at lines 72--72
[]\OT1/cmtt/m/n/10 SeqNr                    = U16 ; (* fortlaufende Nummer *)[]
 
 []


Overfull \hbox (241.4979pt too wide) in paragraph at lines 72--72
[]\OT1/cmtt/m/n/10 Length                   = U16 ; (* in Byte *)[] 
 []


Overfull \hbox (304.49734pt too wide) in paragraph at lines 72--72
[]\OT1/cmtt/m/n/10 String                   = ? UTF-8-kodierte Zeichenkette ?[]
 
 []


Overfull \hbox (356.99689pt too wide) in paragraph at lines 72--72
[]\OT1/cmtt/m/n/10 Request                  = TerminalID, ClassID, Datarate, Li
fetime ;[] 
 []


Overfull \hbox (299.24739pt too wide) in paragraph at lines 72--72
[]\OT1/cmtt/m/n/10 ClassID                  = U8 ; (* Datenverkehrsklasse *)[] 

 []


Overfull \hbox (230.99799pt too wide) in paragraph at lines 72--72
[]\OT1/cmtt/m/n/10 TerminalID               = U128 ; (* IPv6 *)[] 
 []


Overfull \hbox (283.49753pt too wide) in paragraph at lines 72--72
[]\OT1/cmtt/m/n/10 Datarate                 = U64 ; (* Bit pro Sekunde *)[] 
 []


Overfull \hbox (225.74803pt too wide) in paragraph at lines 72--72
[]\OT1/cmtt/m/n/10 Lifetime                 = U32 ; (* in ms*)[] 
 []


Overfull \hbox (236.24794pt too wide) in paragraph at lines 72--72
[]\OT1/cmtt/m/n/10 Result                   = TData, { TData } ;[] 
 []


Overfull \hbox (356.99689pt too wide) in paragraph at lines 72--72
[]\OT1/cmtt/m/n/10 TData                    = CGKey, TerminalList, ClassList, D
atarate;[] 
 []


Overfull \hbox (262.49771pt too wide) in paragraph at lines 72--72
[]\OT1/cmtt/m/n/10 CGKey                    = U8 ; (* Channelgroup *)[] 
 []


Overfull \hbox (356.99689pt too wide) in paragraph at lines 72--72
[]\OT1/cmtt/m/n/10 TerminalList             = NrTerminals, TerminalID, { Termin
alID } ;[] 
 []


Overfull \hbox (293.99744pt too wide) in paragraph at lines 72--72
[]\OT1/cmtt/m/n/10 NrTerminals              = U8 ; (* Anzahl TerminalIDs *)[] 
 []


Overfull \hbox (304.49734pt too wide) in paragraph at lines 72--72
[]\OT1/cmtt/m/n/10 ClassList                = NrClasses, TClass, { TClass } ;[]
 
 []


Overfull \hbox (272.99762pt too wide) in paragraph at lines 72--72
[]\OT1/cmtt/m/n/10 NrClasses                = U8 ; (* Anzahl Klassen *)[] 
 []


Overfull \hbox (288.74748pt too wide) in paragraph at lines 72--72
[]\OT1/cmtt/m/n/10 TClass                   = ClassID, Dividend, Divisor ;[] 
 []


Overfull \hbox (162.74858pt too wide) in paragraph at lines 72--72
[]\OT1/cmtt/m/n/10 Dividend                 = U8 ;[] 
 []


Overfull \hbox (162.74858pt too wide) in paragraph at lines 72--72
[]\OT1/cmtt/m/n/10 Divisor                  = U8 ;[] 
 []

)
! Emergency stop.
<*> BMV700.tex
              
*** (job aborted, no legal \end found)

 
Here is how much of TeX's memory you used:
 10 strings out of 493113
 176 string characters out of 6137489
 63402 words of memory out of 5000000
 3571 multiletter control sequences out of 15000+600000
 4116 words of font info for 16 fonts, out of 8000000 for 9000
 1141 hyphenation exceptions out of 8191
 18i,1n,14p,86b,156s stack positions out of 5000i,500n,10000p,200000b,80000s
!  ==> Fatal error occurred, no output PDF file produced!
