This is pdfTeX, Version 3.14159265-2.6-1.40.15 (TeX Live 2014/Debian) (preloaded format=pdflatex 2014.7.7)  19 JUL 2014 16:14
entering extended mode
 restricted \write18 enabled.
 %&-line parsing enabled.
**BSINV.tex
(./BSINV.tex
LaTeX2e <2014/05/01>
Babel <3.9k> and hyphenation patterns for 78 languages loaded.
! Undefined control sequence.
l.1 \section
            {Protocol Spezification - Victron BlueSolar Grid Inverter}
The control sequence at the end of the top line
of your error message was never \def'ed. If you have
misspelled it (e.g., `\hobx'), type `I' and the correct
spelling (e.g., `I\hbox'). Otherwise just continue,
and I'll forget about whatever was undefined.


! LaTeX Error: Missing \begin{document}.

See the LaTeX manual or LaTeX Companion for explanation.
Type  H <return>  for immediate help.
 ...                                              
                                                  
l.1 \section{P
              rotocol Spezification - Victron BlueSolar Grid Inverter}
You're in trouble here.  Try typing  <return>  to proceed.
If that doesn't work, type  X <return>  to quit.

Missing character: There is no P in font nullfont!
Missing character: There is no r in font nullfont!
Missing character: There is no o in font nullfont!
Missing character: There is no t in font nullfont!
Missing character: There is no o in font nullfont!
Missing character: There is no c in font nullfont!
Missing character: There is no o in font nullfont!
Missing character: There is no l in font nullfont!
Missing character: There is no S in font nullfont!
Missing character: There is no p in font nullfont!
Missing character: There is no e in font nullfont!
Missing character: There is no z in font nullfont!
Missing character: There is no i in font nullfont!
Missing character: There is no f in font nullfont!
Missing character: There is no i in font nullfont!
Missing character: There is no c in font nullfont!
Missing character: There is no a in font nullfont!
Missing character: There is no t in font nullfont!
Missing character: There is no i in font nullfont!
Missing character: There is no o in font nullfont!
Missing character: There is no n in font nullfont!
Missing character: There is no - in font nullfont!
Missing character: There is no V in font nullfont!
Missing character: There is no i in font nullfont!
Missing character: There is no c in font nullfont!
Missing character: There is no t in font nullfont!
Missing character: There is no r in font nullfont!
Missing character: There is no o in font nullfont!
Missing character: There is no n in font nullfont!
Missing character: There is no B in font nullfont!
Missing character: There is no l in font nullfont!
Missing character: There is no u in font nullfont!
Missing character: There is no e in font nullfont!
Missing character: There is no S in font nullfont!
Missing character: There is no o in font nullfont!
Missing character: There is no l in font nullfont!
Missing character: There is no a in font nullfont!
Missing character: There is no r in font nullfont!
Missing character: There is no G in font nullfont!
Missing character: There is no r in font nullfont!
Missing character: There is no i in font nullfont!
Missing character: There is no d in font nullfont!
Missing character: There is no I in font nullfont!
Missing character: There is no n in font nullfont!
Missing character: There is no v in font nullfont!
Missing character: There is no e in font nullfont!
Missing character: There is no r in font nullfont!
Missing character: There is no t in font nullfont!
Missing character: There is no e in font nullfont!
Missing character: There is no r in font nullfont!

Overfull \hbox (20.0pt too wide) in paragraph at lines 1--3
[]
 []


Overfull \hbox (131.24886pt too wide) in paragraph at lines 37--37
[]\OT1/cmtt/m/n/10 HexDigit = [ a-fA-F0-9 ];[] 
 []


Overfull \hbox (136.49881pt too wide) in paragraph at lines 37--37
[]\OT1/cmtt/m/n/10 Byte = HexDigit, HexDigit;[] 
 []


Overfull \hbox (110.24904pt too wide) in paragraph at lines 37--37
[]\OT1/cmtt/m/n/10 Hex = ( "0x", Byte );[] 
 []


Overfull \hbox (73.49936pt too wide) in paragraph at lines 37--37
[]\OT1/cmtt/m/n/10 ID = Hex, Hex;[] 
 []


Overfull \hbox (57.7495pt too wide) in paragraph at lines 37--37
[]\OT1/cmtt/m/n/10 Size = Hex;[] 
 []


Overfull \hbox (152.24867pt too wide) in paragraph at lines 37--37
[]\OT1/cmtt/m/n/10 U_INT32 = Hex, Hex, Hex, Hex;[] 
 []


Overfull \hbox (99.74913pt too wide) in paragraph at lines 37--37
[]\OT1/cmtt/m/n/10 U_INT16 = Hex, Hex;[] 
 []


Overfull \hbox (68.2494pt too wide) in paragraph at lines 37--37
[]\OT1/cmtt/m/n/10 U_INT8 = Hex;[] 
 []


Overfull \hbox (89.24922pt too wide) in paragraph at lines 37--37
[]\OT1/cmtt/m/n/10 ASCII_Char = Hex;[] 
 []


Overfull \hbox (99.74913pt too wide) in paragraph at lines 37--37
[]\OT1/cmtt/m/n/10 KW_Total = U_INT32;[] 
 []


Overfull \hbox (99.74913pt too wide) in paragraph at lines 37--37
[]\OT1/cmtt/m/n/10 Run_Time = U_INT16;[] 
 []


Overfull \hbox (131.24886pt too wide) in paragraph at lines 37--37
[]\OT1/cmtt/m/n/10 Run_Time_Total = U_INT32;[] 
 []


Overfull \hbox (78.74931pt too wide) in paragraph at lines 37--37
[]\OT1/cmtt/m/n/10 Temp = U_INT16;[] 
 []


Overfull \hbox (115.499pt too wide) in paragraph at lines 37--37
[]\OT1/cmtt/m/n/10 A_CPU_BUS_U = U_INT16;[] 
 []


Overfull \hbox (309.7473pt too wide) in paragraph at lines 37--37
[]\OT1/cmtt/m/n/10 Request01 = 0x01, 0x04, 0x00, 0x14, 0x00, 0x11, 0x70, 0x02;[
] 
 []


Overfull \hbox (309.7473pt too wide) in paragraph at lines 37--37
[]\OT1/cmtt/m/n/10 Request02 = 0x01, 0x04, 0x00, 0x00, 0x00, 0x14, 0xF0, 0x05;[
] 
 []


Overfull \hbox (309.7473pt too wide) in paragraph at lines 37--37
[]\OT1/cmtt/m/n/10 Request03 = 0x01, 0x04, 0x03, 0xE8, 0x00, 0x14, 0x70, 0x75;[
] 
 []


Overfull \hbox (309.7473pt too wide) in paragraph at lines 37--37
[]\OT1/cmtt/m/n/10 Request04 = 0x01, 0x03, 0x00, 0x00, 0x00, 0x0C, 0x45, 0xCF;[
] 
 []


Overfull \hbox (309.7473pt too wide) in paragraph at lines 37--37
[]\OT1/cmtt/m/n/10 Request05 = 0x01, 0x03, 0x00, 0x00, 0x00, 0x0C, 0x45, 0xCF;[
] 
 []


Overfull \hbox (309.7473pt too wide) in paragraph at lines 37--37
[]\OT1/cmtt/m/n/10 Request06 = 0x01, 0x03, 0x00, 0xC8, 0x00, 0x12, 0x44, 0x39;[
] 
 []


Overfull \hbox (309.7473pt too wide) in paragraph at lines 37--37
[]\OT1/cmtt/m/n/10 Request07 = 0x01, 0x03, 0x00, 0xDC, 0x00, 0x02, 0x05, 0xF1;[
] 
 []


Overfull \hbox (309.7473pt too wide) in paragraph at lines 37--37
[]\OT1/cmtt/m/n/10 Request08 = 0x01, 0x03, 0x01, 0x2C, 0x00, 0x06, 0x05, 0xFD;[
] 
 []


Overfull \hbox (309.7473pt too wide) in paragraph at lines 37--37
[]\OT1/cmtt/m/n/10 Request09 = 0x01, 0x03, 0x01, 0x90, 0x00, 0x14, 0x44, 0x14;[
] 
 []


Overfull \hbox (309.7473pt too wide) in paragraph at lines 37--37
[]\OT1/cmtt/m/n/10 Request10 = 0x01, 0x03, 0x03, 0xE8, 0x00, 0x14, 0xC5, 0xB5;[
] 
 []


Overfull \hbox (309.7473pt too wide) in paragraph at lines 37--37
[]\OT1/cmtt/m/n/10 Request11 = 0x01, 0x03, 0x04, 0x10, 0x00, 0x14, 0x45, 0x30;[
] 
 []


Overfull \hbox (309.7473pt too wide) in paragraph at lines 37--37
[]\OT1/cmtt/m/n/10 Request12 = 0x01, 0x03, 0x04, 0x24, 0x00, 0x05, 0xC4, 0xF2;[
] 
 []


Overfull \hbox (309.7473pt too wide) in paragraph at lines 37--37
[]\OT1/cmtt/m/n/10 Request13 = 0x01, 0x03, 0x04, 0x4C, 0x00, 0x14, 0x85, 0x22;[
] 
 []


Overfull \hbox (309.7473pt too wide) in paragraph at lines 37--37
[]\OT1/cmtt/m/n/10 Request14 = 0x01, 0x03, 0x01, 0xF5, 0x00, 0x06, 0xD4, 0x06;[
] 
 []


Overfull \hbox (99.74913pt too wide) in paragraph at lines 37--37
[]\OT1/cmtt/m/n/10 Reply01 = ID, Size,[] 
 []

)
! Emergency stop.
<*> BSINV.tex
             
*** (job aborted, no legal \end found)

 
Here is how much of TeX's memory you used:
 8 strings out of 493113
 151 string characters out of 6137489
 56402 words of memory out of 5000000
 3570 multiletter control sequences out of 15000+600000
 3808 words of font info for 15 fonts, out of 8000000 for 9000
 1141 hyphenation exceptions out of 8191
 18i,1n,14p,78b,156s stack positions out of 5000i,500n,10000p,200000b,80000s
!  ==> Fatal error occurred, no output PDF file produced!
